Vivado Simulator 2020.2
Time resolution is 1 ps
time=                   5 m[0]=000 , m[1]=000 , m[2]=000 , m[3]=000 , inv_a=0000000000000000, inv_a2=00000000000000000 
time=                  10 m[0]=000 , m[1]=000 , m[2]=000 , m[3]=000 , inv_a=1111111110100101, inv_a2=11111111101001010 
time=                  15 m[0]=111 , m[1]=000 , m[2]=111 , m[3]=010 , inv_a=1111111110100101, inv_a2=11111111101001010 
                  45 yowhatsapp,  k=          0, c[k]=11111111111111111111111110100101  ,
                  45 yowhatsapp,  k=          1, c[k]=00000000000000000000000000000000  ,
                  45 yowhatsapp,  k=          2, c[k]=11111111111111111111101001010000  ,
                  45 yowhatsapp,  k=          3, c[k]=00000000000000000010110110000000  ,
                  45 yowhatsapp,  k=          4, c[k]=00000000000000000000000000000000  ,
                  45 yowhatsapp,  k=          5, c[k]=00000000000000000000000000000000  ,
                  45 yowhatsapp,  k=          6, c[k]=00000000000000000000000000000000  ,
                  45 yowhatsapp,  k=          7, c[k]=00000000000000000000000000000000  ,
                  85 yowhatsapp,  k=          0, c[k]=11111111111111111111111110100101  ,
                  85 yowhatsapp,  k=          1, c[k]=00000000000000000000000000000000  ,
                  85 yowhatsapp,  k=          2, c[k]=11111111111111111111101001010000  ,
                  85 yowhatsapp,  k=          3, c[k]=00000000000000000010110110000000  ,
                  85 yowhatsapp,  k=          4, c[k]=00000000000000000000000000000000  ,
                  85 yowhatsapp,  k=          5, c[k]=00000000000000000000000000000000  ,
                  85 yowhatsapp,  k=          6, c[k]=00000000000000000000000000000000  ,
                  85 yowhatsapp,  k=          7, c[k]=00000000000000000000000000000000  ,
time=                 120 m[0]=111 , m[1]=000 , m[2]=111 , m[3]=010 , inv_a=1111111111010011, inv_a2=11111111110100110 
                 125 yowhatsapp,  k=          0, c[k]=00000000000000000000000000000000  ,
                 125 yowhatsapp,  k=          1, c[k]=00000000000000000000000000000000  ,
                 125 yowhatsapp,  k=          2, c[k]=00000000000000000000000000000000  ,
                 125 yowhatsapp,  k=          3, c[k]=00000000000000000000000000000000  ,
                 125 yowhatsapp,  k=          4, c[k]=00000000000000000000000000000000  ,
                 125 yowhatsapp,  k=          5, c[k]=00000000000000000000000000000000  ,
                 125 yowhatsapp,  k=          6, c[k]=00000000000000000000000000000000  ,
                 125 yowhatsapp,  k=          7, c[k]=00000000000000000000000000000000  ,
time=                 125 m[0]=000 , m[1]=111 , m[2]=001 , m[3]=000 , inv_a=1111111111010011, inv_a2=11111111110100110 
                 165 yowhatsapp,  k=          0, c[k]=00000000000000000000000000000000  ,
                 165 yowhatsapp,  k=          1, c[k]=11111111111111111111111101001100  ,
                 165 yowhatsapp,  k=          2, c[k]=00000000000000000000001011010000  ,
                 165 yowhatsapp,  k=          3, c[k]=00000000000000000000000000000000  ,
                 165 yowhatsapp,  k=          4, c[k]=00000000000000000000000000000000  ,
                 165 yowhatsapp,  k=          5, c[k]=00000000000000000000000000000000  ,
                 165 yowhatsapp,  k=          6, c[k]=00000000000000000000000000000000  ,
                 165 yowhatsapp,  k=          7, c[k]=00000000000000000000000000000000  ,
                 205 yowhatsapp,  k=          0, c[k]=00000000000000000000000000000000  ,
                 205 yowhatsapp,  k=          1, c[k]=11111111111111111111111101001100  ,
                 205 yowhatsapp,  k=          2, c[k]=00000000000000000000001011010000  ,
                 205 yowhatsapp,  k=          3, c[k]=00000000000000000000000000000000  ,
                 205 yowhatsapp,  k=          4, c[k]=00000000000000000000000000000000  ,
                 205 yowhatsapp,  k=          5, c[k]=00000000000000000000000000000000  ,
                 205 yowhatsapp,  k=          6, c[k]=00000000000000000000000000000000  ,
                 205 yowhatsapp,  k=          7, c[k]=00000000000000000000000000000000  ,
time=                 230 m[0]=000 , m[1]=111 , m[2]=001 , m[3]=000 , inv_a=1111111110110101, inv_a2=11111111101101010 
                 245 yowhatsapp,  k=          0, c[k]=00000000000000000000000000000000  ,
                 245 yowhatsapp,  k=          1, c[k]=00000000000000000000000000000000  ,
                 245 yowhatsapp,  k=          2, c[k]=00000000000000000000000000000000  ,
                 245 yowhatsapp,  k=          3, c[k]=00000000000000000000000000000000  ,
                 245 yowhatsapp,  k=          4, c[k]=00000000000000000000000000000000  ,
                 245 yowhatsapp,  k=          5, c[k]=00000000000000000000000000000000  ,
                 245 yowhatsapp,  k=          6, c[k]=00000000000000000000000000000000  ,
                 245 yowhatsapp,  k=          7, c[k]=00000000000000000000000000000000  ,
                 285 yowhatsapp,  k=          0, c[k]=00000000000000000000000000000000  ,
                 285 yowhatsapp,  k=          1, c[k]=11111111111111111111111011010100  ,
                 285 yowhatsapp,  k=          2, c[k]=00000000000000000000010010110000  ,
                 285 yowhatsapp,  k=          3, c[k]=00000000000000000000000000000000  ,
                 285 yowhatsapp,  k=          4, c[k]=00000000000000000000000000000000  ,
                 285 yowhatsapp,  k=          5, c[k]=00000000000000000000000000000000  ,
                 285 yowhatsapp,  k=          6, c[k]=00000000000000000000000000000000  ,
                 285 yowhatsapp,  k=          7, c[k]=00000000000000000000000000000000  ,
                 325 yowhatsapp,  k=          0, c[k]=00000000000000000000000000000000  ,
                 325 yowhatsapp,  k=          1, c[k]=11111111111111111111111011010100  ,
                 325 yowhatsapp,  k=          2, c[k]=00000000000000000000010010110000  ,
                 325 yowhatsapp,  k=          3, c[k]=00000000000000000000000000000000  ,
                 325 yowhatsapp,  k=          4, c[k]=00000000000000000000000000000000  ,
                 325 yowhatsapp,  k=          5, c[k]=00000000000000000000000000000000  ,
                 325 yowhatsapp,  k=          6, c[k]=00000000000000000000000000000000  ,
                 325 yowhatsapp,  k=          7, c[k]=00000000000000000000000000000000  ,
$finish called at time : 330 ns : File "C:/Users/shiva/Desktop/DSDLab/Lab4/booth_16/booth_16.srcs/sources_1/new/tb.v" Line 19
