Vivado Simulator 2020.2
Copyright 1986-1999, 2001-2020 Xilinx, Inc. All Rights Reserved.
Running: C:/Xilinx/Vivado/2020.2/bin/unwrapped/win64.o/xelab.exe -wto b68001e204ca49969a74ac07d1865008 --incr --debug typical --relax --mt 2 -L xil_defaultlib -L unisims_ver -L unimacro_ver -L secureip --snapshot tb_behav xil_defaultlib.tb xil_defaultlib.glbl -log elaborate.log 
Using 2 slave threads.
Starting static elaboration
Pass Through NonSizing Optimizer
Completed static elaboration
Starting simulation data flow analysis
WARNING: [XSIM 43-4099] "C:/Users/shiva/Desktop/DSDLab/Lab3/ripple_carry/ripple_carry.srcs/sources_1/new/FA.v" Line 1. Module FA doesn't have a timescale but at least one module in design has a timescale.
WARNING: [XSIM 43-4099] "C:/Users/shiva/Desktop/DSDLab/Lab3/ripple_carry/ripple_carry.srcs/sources_1/new/FA.v" Line 1. Module FA doesn't have a timescale but at least one module in design has a timescale.
WARNING: [XSIM 43-4099] "C:/Users/shiva/Desktop/DSDLab/Lab3/ripple_carry/ripple_carry.srcs/sources_1/new/FA.v" Line 1. Module FA doesn't have a timescale but at least one module in design has a timescale.
WARNING: [XSIM 43-4099] "C:/Users/shiva/Desktop/DSDLab/Lab3/ripple_carry/ripple_carry.srcs/sources_1/new/FA.v" Line 1. Module FA doesn't have a timescale but at least one module in design has a timescale.
WARNING: [XSIM 43-4099] "C:/Users/shiva/Desktop/DSDLab/Lab3/ripple_carry/ripple_carry.srcs/sources_1/new/FA.v" Line 1. Module FA doesn't have a timescale but at least one module in design has a timescale.
WARNING: [XSIM 43-4099] "C:/Users/shiva/Desktop/DSDLab/Lab3/ripple_carry/ripple_carry.srcs/sources_1/new/FA.v" Line 1. Module FA doesn't have a timescale but at least one module in design has a timescale.
WARNING: [XSIM 43-4099] "C:/Users/shiva/Desktop/DSDLab/Lab3/ripple_carry/ripple_carry.srcs/sources_1/new/FA.v" Line 1. Module FA doesn't have a timescale but at least one module in design has a timescale.
WARNING: [XSIM 43-4099] "C:/Users/shiva/Desktop/DSDLab/Lab3/ripple_carry/ripple_carry.srcs/sources_1/new/FA.v" Line 1. Module FA doesn't have a timescale but at least one module in design has a timescale.
Completed simulation data flow analysis
Time Resolution for simulation is 1ps
Compiling module xil_defaultlib.FA
Compiling module xil_defaultlib.Ripple_Adder
Compiling module xil_defaultlib.tb
Compiling module xil_defaultlib.glbl
Built simulation snapshot tb_behav
